\BOOKMARK [0][-]{chapter.1}{\376\377\000I\000n\000t\000r\000o\000d\000u\000z\000i\000o\000n\000e}{}% 1
\BOOKMARK [1][-]{section.1.1}{\376\377\000O\000b\000i\000e\000t\000t\000i\000v\000i}{chapter.1}% 2
\BOOKMARK [0][-]{chapter.2}{\376\377\000B\000a\000c\000k\000g\000r\000o\000u\000n\000d}{}% 3
\BOOKMARK [1][-]{section.2.1}{\376\377\000B\000u\000g\000\040\000e\000\040\000V\000u\000l\000n\000e\000r\000a\000b\000i\000l\000i\000t\000\340}{chapter.2}% 4
\BOOKMARK [1][-]{section.2.2}{\376\377\000S\000a\000n\000i\000t\000i\000z\000e\000r\000s}{chapter.2}% 5
\BOOKMARK [2][-]{subsection.2.2.1}{\376\377\000M\000S\000a\000n}{section.2.2}% 6
\BOOKMARK [2][-]{subsection.2.2.2}{\376\377\000Q\000M\000S\000a\000n}{section.2.2}% 7
\BOOKMARK [2][-]{subsection.2.2.3}{\376\377\000V\000a\000l\000g\000r\000i\000n\000d}{section.2.2}% 8
\BOOKMARK [1][-]{section.2.3}{\376\377\000F\000u\000z\000z\000i\000n\000g}{chapter.2}% 9
\BOOKMARK [2][-]{subsection.2.3.1}{\376\377\000A\000F\000L\000+\000+}{section.2.3}% 10
\BOOKMARK [2][-]{subsection.2.3.2}{\376\377\000F\000u\000z\000z\000e\000r\000\040\000T\000e\000s\000t\000\040\000S\000u\000i\000t\000e}{section.2.3}% 11
\BOOKMARK [2][-]{subsection.2.3.3}{\376\377\000O\000S\000S\000-\000F\000u\000z\000z}{section.2.3}% 12
\BOOKMARK [0][-]{chapter.3}{\376\377\000M\000e\000t\000o\000d\000o\000l\000o\000g\000i\000a}{}% 13
\BOOKMARK [1][-]{section.3.1}{\376\377\000C\000o\000n\000f\000i\000g\000u\000r\000a\000z\000i\000o\000n\000e\000\040\000d\000e\000l\000l\000'\000A\000m\000b\000i\000e\000n\000t\000e}{chapter.3}% 14
\BOOKMARK [1][-]{section.3.2}{\376\377\000D\000e\000s\000c\000r\000i\000z\000i\000o\000n\000e\000\040\000d\000e\000l\000l\000e\000\040\000A\000t\000t\000i\000v\000i\000t\000\340}{chapter.3}% 15
\BOOKMARK [2][-]{subsection.3.2.1}{\376\377\000C\000o\000s\000t\000r\000u\000z\000i\000o\000n\000e\000\040\000d\000e\000l\000l\000'\000i\000m\000m\000a\000g\000i\000n\000e\000\040\000d\000o\000c\000k\000e\000r}{section.3.2}% 16
\BOOKMARK [2][-]{subsection.3.2.2}{\376\377\000C\000r\000e\000a\000z\000i\000o\000n\000e\000\040\000e\000\040\000a\000v\000v\000i\000o\000\040\000d\000e\000l\000\040\000D\000o\000c\000k\000e\000r}{section.3.2}% 17
\BOOKMARK [2][-]{subsection.3.2.3}{\376\377\000A\000v\000v\000i\000o\000\040\000d\000i\000\040\000u\000n\000a\000\040\000s\000e\000s\000s\000i\000o\000n\000e\000\040\000d\000i\000\040\000F\000u\000z\000z\000i\000n\000g\000\040\000c\000o\000n\000\040\000A\000F\000L\000+\000+}{section.3.2}% 18
\BOOKMARK [2][-]{subsection.3.2.4}{\376\377\000R\000i\000p\000r\000o\000d\000u\000z\000i\000o\000n\000e\000\040\000m\000a\000n\000u\000a\000l\000e\000\040\000d\000i\000\040\000u\000n\000\040\000c\000r\000a\000s\000h}{section.3.2}% 19
\BOOKMARK [2][-]{subsection.3.2.5}{\376\377\000A\000n\000a\000l\000i\000s\000i\000\040\000c\000o\000n\000\040\000V\000a\000l\000g\000r\000i\000n\000d}{section.3.2}% 20
\BOOKMARK [1][-]{section.3.3}{\376\377\000D\000e\000d\000u\000p\000l\000i\000c\000a\000t\000i\000o\000n\000\040\000e\000\040\000C\000a\000t\000e\000g\000o\000r\000i\000z\000z\000a\000z\000i\000o\000n\000e}{chapter.3}% 21
\BOOKMARK [1][-]{section.3.4}{\376\377\000P\000a\000n\000o\000r\000a\000m\000i\000c\000a\000\040\000d\000e\000l\000\040\000L\000a\000v\000o\000r\000o}{chapter.3}% 22
\BOOKMARK [0][-]{chapter.4}{\376\377\000R\000i\000s\000u\000l\000t\000a\000t\000i}{}% 23
\BOOKMARK [1][-]{section.4.1}{\376\377\000P\000a\000n\000o\000r\000a\000m\000i\000c\000a\000\040\000g\000e\000n\000e\000r\000a\000l\000e}{chapter.4}% 24
\BOOKMARK [2][-]{subsection.4.1.1}{\376\377\000O\000p\000e\000n\000S\000C}{section.4.1}% 25
\BOOKMARK [2][-]{subsection.4.1.2}{\376\377\000L\000i\000b\000U\000C\000L}{section.4.1}% 26
\BOOKMARK [2][-]{subsection.4.1.3}{\376\377\000G\000P\000A\000C}{section.4.1}% 27
\BOOKMARK [2][-]{subsection.4.1.4}{\376\377\000L\000i\000b\000r\000e\000D\000W\000G}{section.4.1}% 28
\BOOKMARK [1][-]{section.4.2}{\376\377\000C\000a\000s\000e\000\040\000S\000t\000u\000d\000y\000:\000\040\000O\000p\000e\000n\000S\000C}{chapter.4}% 29
\BOOKMARK [0][-]{chapter.5}{\376\377\000C\000o\000n\000c\000l\000u\000s\000i\000o\000n\000e}{}% 30
\BOOKMARK [0][-]{section*.10}{\376\377\000B\000i\000b\000l\000i\000o\000g\000r\000a\000f\000i\000a}{}% 31
